<?xml version="1.0" encoding="UTF-8"?>
<!-- Generated by org.testng.reporters.JUnitReportReporter -->
<testsuite hostname="Mudassars-MacBook-Pro.local" name="com.browserstack.LocalTest" tests="1" failures="0" timestamp="13 Nov 2019 07:05:16 GMT" time="54.666" errors="0">
  <testcase name="test" time="54.666" classname="com.browserstack.LocalTest"/>
</testsuite> <!-- com.browserstack.LocalTest -->
