<?xml version="1.0" encoding="UTF-8"?>
<!-- Generated by org.testng.reporters.JUnitReportReporter -->
<testsuite hostname="Mudassars-MacBook-Pro.local" name="com.browserstack.SingleTest" tests="1" failures="0" timestamp="13 Nov 2019 07:05:32 GMT" time="35.639" errors="0">
  <testcase name="test" time="35.639" classname="com.browserstack.SingleTest"/>
</testsuite> <!-- com.browserstack.SingleTest -->
